<?xml version="1.0" encoding="UTF-8"?>
<!-- Generated by org.testng.reporters.JUnitReportReporter -->
<testsuite skipped="0" hostname="DESKTOP-RG04IRQ" name="demo.FlipkartTest" tests="1" failures="0" timestamp="2024-07-30T14:40:20 IST" time="5.663" errors="0">
  <testcase name="launch" time="5.663" classname="demo.FlipkartTest"/>
  <system-out>
    <![CDATA[Flipkart test executed]]>
  </system-out>
</testsuite> <!-- demo.FlipkartTest -->
