<?xml version="1.0" encoding="UTF-8"?>
<!-- Generated by org.testng.reporters.JUnitReportReporter -->
<testsuite skipped="0" hostname="DESKTOP-RG04IRQ" name="demo.SampleTest" tests="1" failures="0" timestamp="2024-07-30T14:40:20 IST" time="0.002" errors="0">
  <testcase name="login" time="0.002" classname="demo.SampleTest"/>
  <system-out>
    <![CDATA[Sample Test executed]]>
  </system-out>
</testsuite> <!-- demo.SampleTest -->
