<?xml version="1.0" encoding="UTF-8"?>
<!-- Generated by org.testng.reporters.JUnitReportReporter -->
<testsuite skipped="0" hostname="DESKTOP-RG04IRQ" name="demo.Sample" tests="1" failures="0" timestamp="2024-07-30T14:21:05 IST" time="0.017" errors="0">
  <testcase name="login" time="0.017" classname="demo.Sample"/>
  <system-out>
    <![CDATA[sample executed]]>
  </system-out>
</testsuite> <!-- demo.Sample -->
